2025-02-14 05:49:56 - Starting Run-Setup
2025-02-14 05:49:56 - Starting Set-InitialConfiguration
2025-02-14 05:49:56 - Current Directory: C:\Users\YYQTP0\OneDrive - USPS\Desktop\Setup Folder\Scripts
2025-02-14 05:49:56 - Setup Folder: C:\Users\YYQTP0\OneDrive - USPS\Desktop\Setup Folder
2025-02-14 05:49:58 - Created Root Directory at C:\Users\YYQTP0\OneDrive - USPS\Desktop\PartsBookManagerRootDirectory
2025-02-14 05:49:58 - Creating subdirectories...
2025-02-14 05:49:58 - Created directory: C:\Users\YYQTP0\OneDrive - USPS\Desktop\PartsBookManagerRootDirectory\Parts Books
2025-02-14 05:49:58 - Created directory: C:\Users\YYQTP0\OneDrive - USPS\Desktop\PartsBookManagerRootDirectory\Scripts
2025-02-14 05:49:58 - Created directory: C:\Users\YYQTP0\OneDrive - USPS\Desktop\PartsBookManagerRootDirectory\Dropdown CSVs
2025-02-14 05:49:58 - Created directory: C:\Users\YYQTP0\OneDrive - USPS\Desktop\PartsBookManagerRootDirectory\Parts Room
2025-02-14 05:49:58 - Created directory: C:\Users\YYQTP0\OneDrive - USPS\Desktop\PartsBookManagerRootDirectory\Labor
2025-02-14 05:49:58 - Created directory: C:\Users\YYQTP0\OneDrive - USPS\Desktop\PartsBookManagerRootDirectory\Call Logs
2025-02-14 05:49:58 - Created Same Day Parts Room directory: C:\Users\YYQTP0\OneDrive - USPS\Desktop\PartsBookManagerRootDirectory\Parts Room\Same Day Parts Room
2025-02-14 05:49:58 - Configuration saved at C:\Users\YYQTP0\OneDrive - USPS\Desktop\PartsBookManagerRootDirectory\Scripts\Config.json
2025-02-14 05:49:58 - Starting Copy-SetupFiles
2025-02-14 05:49:58 - Setup Directory: C:\Users\YYQTP0\OneDrive - USPS\Desktop\Setup Folder
2025-02-14 05:49:58 - Copying Scripts...
2025-02-14 05:49:58 - Copied Scripts
2025-02-14 05:49:58 - Copied sites.csv to C:\Users\YYQTP0\OneDrive - USPS\Desktop\PartsBookManagerRootDirectory\Dropdown CSVs\sites.csv
2025-02-14 05:49:58 - Copied Parsed-Parts-Volumes.csv to C:\Users\YYQTP0\OneDrive - USPS\Desktop\PartsBookManagerRootDirectory\Dropdown CSVs\Parsed-Parts-Volumes.csv
2025-02-14 05:49:58 - Copied Causes.csv to C:\Users\YYQTP0\OneDrive - USPS\Desktop\PartsBookManagerRootDirectory\Dropdown CSVs\Causes.csv
2025-02-14 05:49:58 - Copied Actions.csv to C:\Users\YYQTP0\OneDrive - USPS\Desktop\PartsBookManagerRootDirectory\Dropdown CSVs\Actions.csv
2025-02-14 05:49:58 - Copied Nouns.csv to C:\Users\YYQTP0\OneDrive - USPS\Desktop\PartsBookManagerRootDirectory\Dropdown CSVs\Nouns.csv
2025-02-14 05:49:58 - Configuration saved at C:\Users\YYQTP0\OneDrive - USPS\Desktop\PartsBookManagerRootDirectory\Scripts\Config.json
2025-02-14 05:50:25 - Validating configuration structure...
2025-02-14 05:50:25 - Warning: No books configured in Books section
2025-02-14 05:50:25 - Added empty SameDayPartsRooms array to configuration
2025-02-14 05:50:25 - Configuration validation completed successfully
2025-02-14 05:50:25 - Setup completed successfully!
